c:\users\annie\documents\cppprojects\aiminesweeper\build\aiminesweeper.dir\debug\vc143.pdb
c:\users\annie\documents\cppprojects\aiminesweeper\build\aiminesweeper.dir\debug\simulation.obj
c:\users\annie\documents\cppprojects\aiminesweeper\build\aiminesweeper.dir\debug\helpers.obj
c:\users\annie\documents\cppprojects\aiminesweeper\build\aiminesweeper.dir\debug\solver.obj
c:\users\annie\documents\cppprojects\aiminesweeper\build\aiminesweeper.dir\debug\render.obj
c:\users\annie\documents\cppprojects\aiminesweeper\build\aiminesweeper.dir\debug\game.obj
c:\users\annie\documents\cppprojects\aiminesweeper\build\aiminesweeper.dir\debug\main.obj
c:\users\annie\documents\cppprojects\aiminesweeper\build\cmakefiles\generate.stamp
c:\users\annie\documents\cppprojects\aiminesweeper\build\debug\aiminesweeper.exe
c:\users\annie\documents\cppprojects\aiminesweeper\build\debug\aiminesweeper.pdb
c:\users\annie\documents\cppprojects\aiminesweeper\build\aiminesweeper.dir\debug\aiminesweeper.ilk
c:\users\annie\documents\cppprojects\aiminesweeper\build\aiminesweeper.dir\debug\aiminesweeper.tlog\cl.command.1.tlog
c:\users\annie\documents\cppprojects\aiminesweeper\build\aiminesweeper.dir\debug\aiminesweeper.tlog\cl.items.tlog
c:\users\annie\documents\cppprojects\aiminesweeper\build\aiminesweeper.dir\debug\aiminesweeper.tlog\cl.read.1.tlog
c:\users\annie\documents\cppprojects\aiminesweeper\build\aiminesweeper.dir\debug\aiminesweeper.tlog\cl.write.1.tlog
c:\users\annie\documents\cppprojects\aiminesweeper\build\aiminesweeper.dir\debug\aiminesweeper.tlog\custombuild.command.1.tlog
c:\users\annie\documents\cppprojects\aiminesweeper\build\aiminesweeper.dir\debug\aiminesweeper.tlog\custombuild.read.1.tlog
c:\users\annie\documents\cppprojects\aiminesweeper\build\aiminesweeper.dir\debug\aiminesweeper.tlog\custombuild.write.1.tlog
c:\users\annie\documents\cppprojects\aiminesweeper\build\aiminesweeper.dir\debug\aiminesweeper.tlog\link.command.1.tlog
c:\users\annie\documents\cppprojects\aiminesweeper\build\aiminesweeper.dir\debug\aiminesweeper.tlog\link.read.1.tlog
c:\users\annie\documents\cppprojects\aiminesweeper\build\aiminesweeper.dir\debug\aiminesweeper.tlog\link.secondary.1.tlog
c:\users\annie\documents\cppprojects\aiminesweeper\build\aiminesweeper.dir\debug\aiminesweeper.tlog\link.write.1.tlog
